[03:17:45] Name: El Yind, Id: 2, Type: 2, Entity: 12, Amount: 100000, Value: 100000, Desc: Pos: 1,142,205
[03:17:49] Name: El Yind, Id: 2, Type: 2, Entity: 12, Amount: 100000, Value: 100000, Desc: Pos: 1,142,205
[04:30:03] Name: Alfob, Id: 36, Type: 11, Entity: 0, Amount: 2, Value: 0, Desc: Lvl: 2, HP: 27 +7
[04:30:03] Name: Alfob, Id: 36, Type: 11, Entity: 0, Amount: 3, Value: 0, Desc: Lvl: 3, HP: 36 +9
[04:30:03] Name: Alfob, Id: 36, Type: 11, Entity: 0, Amount: 4, Value: 0, Desc: Lvl: 4, HP: 43 +7
[04:30:03] Name: Alfob, Id: 36, Type: 11, Entity: 0, Amount: 5, Value: 0, Desc: Lvl: 5, HP: 48 +5
[04:30:03] Name: Alfob, Id: 36, Type: 11, Entity: 0, Amount: 6, Value: 0, Desc: Lvl: 6, HP: 54 +6
[04:30:03] Name: Alfob, Id: 36, Type: 11, Entity: 0, Amount: 7, Value: 0, Desc: Lvl: 7, HP: 60 +6
[04:30:03] Name: Alfob, Id: 36, Type: 11, Entity: 0, Amount: 8, Value: 0, Desc: Lvl: 8, HP: 65 +5
[04:30:03] Name: Alfob, Id: 36, Type: 11, Entity: 0, Amount: 9, Value: 0, Desc: Lvl: 9, HP: 73 +8
[04:30:03] Name: Alfob, Id: 36, Type: 11, Entity: 0, Amount: 10, Value: 0, Desc: Lvl: 10, HP: 80 +7
[04:30:03] Name: Alfob, Id: 36, Type: 11, Entity: 0, Amount: 11, Value: 0, Desc: Lvl: 11, HP: 88 +8
[04:30:03] Name: Alfob, Id: 36, Type: 11, Entity: 0, Amount: 12, Value: 0, Desc: Lvl: 12, HP: 94 +6
[04:30:03] Name: Alfob, Id: 36, Type: 11, Entity: 0, Amount: 13, Value: 0, Desc: Lvl: 13, HP: 99 +5
[04:30:03] Name: Alfob, Id: 36, Type: 11, Entity: 0, Amount: 14, Value: 0, Desc: Lvl: 14, HP: 105 +6
[04:30:03] Name: Alfob, Id: 36, Type: 11, Entity: 0, Amount: 15, Value: 0, Desc: Lvl: 15, HP: 111 +6
[04:30:03] Name: Alfob, Id: 36, Type: 11, Entity: 0, Amount: 16, Value: 0, Desc: Lvl: 16, HP: 116 +5
[04:30:03] Name: Alfob, Id: 36, Type: 11, Entity: 0, Amount: 17, Value: 0, Desc: Lvl: 17, HP: 123 +7
[04:30:03] Name: Alfob, Id: 36, Type: 11, Entity: 0, Amount: 18, Value: 0, Desc: Lvl: 18, HP: 132 +9
[04:30:03] Name: Alfob, Id: 36, Type: 11, Entity: 0, Amount: 19, Value: 0, Desc: Lvl: 19, HP: 138 +6
[04:30:03] Name: Alfob, Id: 36, Type: 11, Entity: 0, Amount: 20, Value: 0, Desc: Lvl: 20, HP: 144 +6
[04:30:03] Name: Alfob, Id: 36, Type: 11, Entity: 0, Amount: 21, Value: 0, Desc: Lvl: 21, HP: 151 +7
[04:30:03] Name: Alfob, Id: 36, Type: 11, Entity: 0, Amount: 22, Value: 0, Desc: Lvl: 22, HP: 160 +9
[04:30:03] Name: Alfob, Id: 36, Type: 11, Entity: 0, Amount: 23, Value: 0, Desc: Lvl: 23, HP: 165 +5
[04:30:03] Name: Alfob, Id: 36, Type: 11, Entity: 0, Amount: 24, Value: 0, Desc: Lvl: 24, HP: 170 +5
[04:30:03] Name: Alfob, Id: 36, Type: 11, Entity: 0, Amount: 25, Value: 0, Desc: Lvl: 25, HP: 176 +6
[04:30:03] Name: Alfob, Id: 36, Type: 11, Entity: 0, Amount: 26, Value: 0, Desc: Lvl: 26, HP: 184 +8
[04:30:03] Name: Alfob, Id: 36, Type: 11, Entity: 0, Amount: 27, Value: 0, Desc: Lvl: 27, HP: 189 +5
[04:30:03] Name: Alfob, Id: 36, Type: 11, Entity: 0, Amount: 28, Value: 0, Desc: Lvl: 28, HP: 197 +8
[04:30:03] Name: Alfob, Id: 36, Type: 11, Entity: 0, Amount: 29, Value: 0, Desc: Lvl: 29, HP: 202 +5
[04:30:03] Name: Alfob, Id: 36, Type: 11, Entity: 0, Amount: 30, Value: 0, Desc: Lvl: 30, HP: 208 +6
[04:30:03] Name: Alfob, Id: 36, Type: 11, Entity: 0, Amount: 31, Value: 0, Desc: Lvl: 31, HP: 215 +7
[04:30:05] Name: Alfob, Id: 36, Type: 11, Entity: 0, Amount: 32, Value: 0, Desc: Lvl: 32, HP: 222 +7
[04:30:05] Name: Alfob, Id: 36, Type: 11, Entity: 0, Amount: 33, Value: 0, Desc: Lvl: 33, HP: 227 +5
[04:30:05] Name: Alfob, Id: 36, Type: 11, Entity: 0, Amount: 34, Value: 0, Desc: Lvl: 34, HP: 235 +8
[04:30:06] Name: Alfob, Id: 36, Type: 11, Entity: 0, Amount: 35, Value: 0, Desc: Lvl: 35, HP: 244 +9
[04:30:06] Name: Alfob, Id: 36, Type: 11, Entity: 0, Amount: 36, Value: 0, Desc: Lvl: 36, HP: 250 +6
[04:30:07] Name: Alfob, Id: 36, Type: 11, Entity: 0, Amount: 37, Value: 0, Desc: Lvl: 37, HP: 259 +9
[04:30:07] Name: Alfob, Id: 36, Type: 11, Entity: 0, Amount: 38, Value: 0, Desc: Lvl: 38, HP: 265 +6
[04:30:08] Name: Alfob, Id: 36, Type: 11, Entity: 0, Amount: 39, Value: 0, Desc: Lvl: 39, HP: 272 +7
[04:30:10] Name: Alfob, Id: 36, Type: 11, Entity: 0, Amount: 40, Value: 0, Desc: Lvl: 40, HP: 278 +6
[04:30:46] Name: Alfob, Id: 36, Type: 11, Entity: 0, Amount: 41, Value: 0, Desc: Lvl: 41, HP: 287 +9
[04:30:49] Name: Alfob, Id: 36, Type: 11, Entity: 0, Amount: 42, Value: 0, Desc: Lvl: 42, HP: 294 +7
[04:30:53] Name: Alfob, Id: 36, Type: 11, Entity: 0, Amount: 43, Value: 0, Desc: Lvl: 43, HP: 301 +7
[04:30:53] Name: Alfob, Id: 36, Type: 11, Entity: 0, Amount: 44, Value: 0, Desc: Lvl: 44, HP: 308 +7
[04:30:57] Name: Alfob, Id: 36, Type: 11, Entity: 0, Amount: 45, Value: 0, Desc: Lvl: 45, HP: 314 +6
[04:30:58] Name: Alfob, Id: 36, Type: 11, Entity: 0, Amount: 46, Value: 0, Desc: Lvl: 46, HP: 322 +8
[04:31:02] Name: Alfob, Id: 36, Type: 11, Entity: 0, Amount: 47, Value: 0, Desc: Lvl: 47, HP: 331 +9
[17:47:56] Name: asdasdasd, Id: 35, Type: 11, Entity: 0, Amount: 2, Value: 0, Desc: Lvl: 2, HP: 29 +10
[17:47:56] Name: asdasdasd, Id: 35, Type: 11, Entity: 0, Amount: 3, Value: 0, Desc: Lvl: 3, HP: 37 +8
[17:47:56] Name: asdasdasd, Id: 35, Type: 11, Entity: 0, Amount: 4, Value: 0, Desc: Lvl: 4, HP: 47 +10
[17:47:56] Name: asdasdasd, Id: 35, Type: 11, Entity: 0, Amount: 5, Value: 0, Desc: Lvl: 5, HP: 55 +8
[17:47:56] Name: asdasdasd, Id: 35, Type: 11, Entity: 0, Amount: 6, Value: 0, Desc: Lvl: 6, HP: 65 +10
[17:47:56] Name: asdasdasd, Id: 35, Type: 11, Entity: 0, Amount: 7, Value: 0, Desc: Lvl: 7, HP: 74 +9
[17:47:56] Name: asdasdasd, Id: 35, Type: 11, Entity: 0, Amount: 8, Value: 0, Desc: Lvl: 8, HP: 82 +8
[17:47:56] Name: asdasdasd, Id: 35, Type: 11, Entity: 0, Amount: 9, Value: 0, Desc: Lvl: 9, HP: 92 +10
[17:47:56] Name: asdasdasd, Id: 35, Type: 11, Entity: 0, Amount: 10, Value: 0, Desc: Lvl: 10, HP: 101 +9
[17:48:01] Name: asdasdasd, Id: 35, Type: 11, Entity: 0, Amount: 11, Value: 0, Desc: Lvl: 11, HP: 111 +10
[17:48:01] Name: asdasdasd, Id: 35, Type: 11, Entity: 0, Amount: 12, Value: 0, Desc: Lvl: 12, HP: 121 +10
[17:48:01] Name: asdasdasd, Id: 35, Type: 11, Entity: 0, Amount: 13, Value: 0, Desc: Lvl: 13, HP: 131 +10
[17:50:25] Name: testa, Id: 37, Type: 11, Entity: 0, Amount: 2, Value: 0, Desc: Lvl: 2, HP: 27 +7
[17:50:25] Name: testa, Id: 37, Type: 11, Entity: 0, Amount: 3, Value: 0, Desc: Lvl: 3, HP: 36 +9
[17:50:25] Name: testa, Id: 37, Type: 11, Entity: 0, Amount: 4, Value: 0, Desc: Lvl: 4, HP: 45 +9
[17:50:25] Name: testa, Id: 37, Type: 11, Entity: 0, Amount: 5, Value: 0, Desc: Lvl: 5, HP: 53 +8
[17:50:25] Name: testa, Id: 37, Type: 11, Entity: 0, Amount: 6, Value: 0, Desc: Lvl: 6, HP: 60 +7
[17:50:25] Name: testa, Id: 37, Type: 11, Entity: 0, Amount: 7, Value: 0, Desc: Lvl: 7, HP: 70 +10
[17:50:25] Name: testa, Id: 37, Type: 11, Entity: 0, Amount: 8, Value: 0, Desc: Lvl: 8, HP: 78 +8
[17:53:54] Name: kkkkkkkkk, Id: 38, Type: 11, Entity: 0, Amount: 2, Value: 0, Desc: Lvl: 2, HP: 25 +6
[17:53:54] Name: kkkkkkkkk, Id: 38, Type: 11, Entity: 0, Amount: 3, Value: 0, Desc: Lvl: 3, HP: 32 +7
[17:53:54] Name: kkkkkkkkk, Id: 38, Type: 11, Entity: 0, Amount: 4, Value: 0, Desc: Lvl: 4, HP: 40 +8
[17:53:54] Name: kkkkkkkkk, Id: 38, Type: 11, Entity: 0, Amount: 5, Value: 0, Desc: Lvl: 5, HP: 48 +8
[17:53:54] Name: kkkkkkkkk, Id: 38, Type: 11, Entity: 0, Amount: 6, Value: 0, Desc: Lvl: 6, HP: 56 +8
[17:53:54] Name: kkkkkkkkk, Id: 38, Type: 11, Entity: 0, Amount: 7, Value: 0, Desc: Lvl: 7, HP: 64 +8
[17:53:54] Name: kkkkkkkkk, Id: 38, Type: 11, Entity: 0, Amount: 8, Value: 0, Desc: Lvl: 8, HP: 73 +9
[17:53:56] Name: kkkkkkkkk, Id: 38, Type: 11, Entity: 0, Amount: 9, Value: 0, Desc: Lvl: 9, HP: 81 +8
[17:54:02] Name: kkkkkkkkk, Id: 38, Type: 11, Entity: 0, Amount: 10, Value: 0, Desc: Lvl: 10, HP: 88 +7
[17:54:10] Name: kkkkkkkkk, Id: 38, Type: 11, Entity: 0, Amount: 11, Value: 0, Desc: Lvl: 11, HP: 94 +6
[17:54:12] Name: kkkkkkkkk, Id: 38, Type: 11, Entity: 0, Amount: 12, Value: 0, Desc: Lvl: 12, HP: 102 +8
[17:54:19] Name: kkkkkkkkk, Id: 38, Type: 11, Entity: 0, Amount: 13, Value: 0, Desc: Lvl: 13, HP: 109 +7
[17:54:26] Name: kkkkkkkkk, Id: 38, Type: 11, Entity: 0, Amount: 14, Value: 0, Desc: Lvl: 14, HP: 118 +9
[17:54:37] Name: kkkkkkkkk, Id: 38, Type: 11, Entity: 0, Amount: 15, Value: 0, Desc: Lvl: 15, HP: 127 +9
[17:55:08] Name: Alfob, Id: 36, Type: 4, Entity: 1671, Amount: 100, Value: 150000000, Desc: Apocalipsis en 1,440,1072
[17:55:14] Name: kkkkkkkkk, Id: 38, Type: 3, Entity: 1671, Amount: 100, Value: 150000000, Desc: Apocalipsis en 1,440,1072
[17:55:46] Name: kkkkkkkkk, Id: 38, Type: 7, Entity: 1671, Amount: 99, Value: 49500000, Desc: Apocalipsis
[17:56:10] Name: kkkkkkkkk, Id: 38, Type: 11, Entity: 0, Amount: 16, Value: 0, Desc: Lvl: 16, HP: 135 +8
[17:56:12] Name: kkkkkkkkk, Id: 38, Type: 11, Entity: 0, Amount: 17, Value: 0, Desc: Lvl: 17, HP: 144 +9
[17:56:15] Name: kkkkkkkkk, Id: 38, Type: 11, Entity: 0, Amount: 18, Value: 0, Desc: Lvl: 18, HP: 150 +6
[17:56:17] Name: kkkkkkkkk, Id: 38, Type: 11, Entity: 0, Amount: 19, Value: 0, Desc: Lvl: 19, HP: 157 +7
[17:56:24] Name: kkkkkkkkk, Id: 38, Type: 11, Entity: 0, Amount: 20, Value: 0, Desc: Lvl: 20, HP: 163 +6
[17:57:01] Name: kkkkkkkkk, Id: 38, Type: 11, Entity: 0, Amount: 21, Value: 0, Desc: Lvl: 21, HP: 169 +6
[17:57:08] Name: kkkkkkkkk, Id: 38, Type: 11, Entity: 0, Amount: 22, Value: 0, Desc: Lvl: 22, HP: 176 +7
[17:57:16] Name: kkkkkkkkk, Id: 38, Type: 11, Entity: 0, Amount: 23, Value: 0, Desc: Lvl: 23, HP: 184 +8
[17:57:28] Name: kkkkkkkkk, Id: 38, Type: 11, Entity: 0, Amount: 24, Value: 0, Desc: Lvl: 24, HP: 193 +9
[17:57:45] Name: kkkkkkkkk, Id: 38, Type: 11, Entity: 0, Amount: 25, Value: 0, Desc: Lvl: 25, HP: 200 +7
[17:58:03] Name: kkkkkkkkk, Id: 38, Type: 11, Entity: 0, Amount: 26, Value: 0, Desc: Lvl: 26, HP: 206 +6
[17:58:07] Name: kkkkkkkkk, Id: 38, Type: 1, Entity: 12, Amount: 10000, Value: 10000, Desc: Pos: 1,446,1095
[17:58:08] Name: kkkkkkkkk, Id: 38, Type: 1, Entity: 12, Amount: 10000, Value: 10000, Desc: Pos: 1,446,1096
[17:58:08] Name: kkkkkkkkk, Id: 38, Type: 1, Entity: 12, Amount: 10000, Value: 10000, Desc: Pos: 1,446,1097
[17:58:08] Name: kkkkkkkkk, Id: 38, Type: 1, Entity: 12, Amount: 10000, Value: 10000, Desc: Pos: 1,445,1097
[17:58:09] Name: kkkkkkkkk, Id: 38, Type: 1, Entity: 12, Amount: 10000, Value: 10000, Desc: Pos: 1,444,1097
[17:58:09] Name: kkkkkkkkk, Id: 38, Type: 1, Entity: 12, Amount: 10000, Value: 10000, Desc: Pos: 1,443,1097
[17:58:10] Name: kkkkkkkkk, Id: 38, Type: 1, Entity: 12, Amount: 10000, Value: 10000, Desc: Pos: 1,443,1098
[17:58:10] Name: kkkkkkkkk, Id: 38, Type: 1, Entity: 12, Amount: 10000, Value: 10000, Desc: Pos: 1,444,1098
[17:58:11] Name: kkkkkkkkk, Id: 38, Type: 1, Entity: 12, Amount: 10000, Value: 10000, Desc: Pos: 1,443,1096
[17:58:11] Name: kkkkkkkkk, Id: 38, Type: 1, Entity: 12, Amount: 10000, Value: 10000, Desc: Pos: 1,444,1096
[17:58:12] Name: kkkkkkkkk, Id: 38, Type: 1, Entity: 12, Amount: 10000, Value: 10000, Desc: Pos: 1,445,1096
[17:58:12] Name: kkkkkkkkk, Id: 38, Type: 1, Entity: 12, Amount: 10000, Value: 10000, Desc: Pos: 1,446,1098
[17:58:12] Name: kkkkkkkkk, Id: 38, Type: 1, Entity: 12, Amount: 10000, Value: 10000, Desc: Pos: 1,446,1099
[17:58:13] Name: kkkkkkkkk, Id: 38, Type: 1, Entity: 12, Amount: 10000, Value: 10000, Desc: Pos: 1,445,1099
[17:58:13] Name: kkkkkkkkk, Id: 38, Type: 1, Entity: 12, Amount: 10000, Value: 10000, Desc: Pos: 1,444,1099
[17:58:14] Name: kkkkkkkkk, Id: 38, Type: 1, Entity: 12, Amount: 10000, Value: 10000, Desc: Pos: 1,443,1099
[18:46:28] Name: Alfob, Id: 36, Type: 1, Entity: 12, Amount: 10000, Value: 10000, Desc: Pos: 1,233,615
[18:46:30] Name: Alfob, Id: 36, Type: 1, Entity: 12, Amount: 10000, Value: 10000, Desc: Pos: 1,234,615
[18:46:30] Name: Alfob, Id: 36, Type: 1, Entity: 12, Amount: 10000, Value: 10000, Desc: Pos: 1,235,615
[18:46:30] Name: Alfob, Id: 36, Type: 1, Entity: 12, Amount: 10000, Value: 10000, Desc: Pos: 1,236,615
[18:46:31] Name: Alfob, Id: 36, Type: 1, Entity: 12, Amount: 10000, Value: 10000, Desc: Pos: 1,237,615
[18:46:31] Name: Alfob, Id: 36, Type: 1, Entity: 12, Amount: 10000, Value: 10000, Desc: Pos: 1,236,616
[18:46:31] Name: Alfob, Id: 36, Type: 1, Entity: 12, Amount: 10000, Value: 10000, Desc: Pos: 1,235,616
[18:46:31] Name: Alfob, Id: 36, Type: 1, Entity: 12, Amount: 10000, Value: 10000, Desc: Pos: 1,234,616
[18:46:32] Name: Alfob, Id: 36, Type: 1, Entity: 12, Amount: 10000, Value: 10000, Desc: Pos: 1,234,617
[18:46:32] Name: Alfob, Id: 36, Type: 1, Entity: 12, Amount: 10000, Value: 10000, Desc: Pos: 1,235,618
[18:46:32] Name: Alfob, Id: 36, Type: 1, Entity: 12, Amount: 10000, Value: 10000, Desc: Pos: 1,236,618
[18:46:32] Name: Alfob, Id: 36, Type: 1, Entity: 12, Amount: 10000, Value: 10000, Desc: Pos: 1,236,617
[18:46:32] Name: Alfob, Id: 36, Type: 1, Entity: 12, Amount: 10000, Value: 10000, Desc: Pos: 1,235,617
[18:46:33] Name: Alfob, Id: 36, Type: 1, Entity: 12, Amount: 10000, Value: 10000, Desc: Pos: 1,234,618
[18:46:36] Name: Alfob, Id: 36, Type: 2, Entity: 12, Amount: 100000, Value: 100000, Desc: Pos: 1,234,612
