[01:11:34] Name: Alfob, Id: 36, Type: 9, Entity: 575, Amount: 1, Value: 0, Desc: Alfob mata Azhran la Invocadora en 1,710,354
[01:12:04] Name: Alfob, Id: 36, Type: 9, Entity: 575, Amount: 1, Value: 0, Desc: Alfob mata Azhran la Invocadora en 1,705,352
[01:13:22] Name: Alfob, Id: 36, Type: 1, Entity: 12, Amount: 10000, Value: 10000, Desc: Pos: 1,711,353
[01:13:23] Name: Alfob, Id: 36, Type: 1, Entity: 12, Amount: 10000, Value: 10000, Desc: Pos: 1,711,354
[01:13:23] Name: Alfob, Id: 36, Type: 1, Entity: 12, Amount: 10000, Value: 10000, Desc: Pos: 1,710,355
[01:13:23] Name: Alfob, Id: 36, Type: 1, Entity: 12, Amount: 10000, Value: 10000, Desc: Pos: 1,710,354
[01:13:23] Name: Alfob, Id: 36, Type: 1, Entity: 12, Amount: 10000, Value: 10000, Desc: Pos: 1,709,354
[01:13:24] Name: Alfob, Id: 36, Type: 1, Entity: 12, Amount: 10000, Value: 10000, Desc: Pos: 1,709,355
[01:13:25] Name: Alfob, Id: 36, Type: 1, Entity: 12, Amount: 10000, Value: 10000, Desc: Pos: 1,706,352
[01:13:25] Name: Alfob, Id: 36, Type: 1, Entity: 12, Amount: 10000, Value: 10000, Desc: Pos: 1,706,351
[01:13:25] Name: Alfob, Id: 36, Type: 1, Entity: 12, Amount: 10000, Value: 10000, Desc: Pos: 1,705,351
[01:13:26] Name: Alfob, Id: 36, Type: 1, Entity: 12, Amount: 10000, Value: 10000, Desc: Pos: 1,704,351
[01:13:26] Name: Alfob, Id: 36, Type: 1, Entity: 12, Amount: 10000, Value: 10000, Desc: Pos: 1,704,352
[01:13:26] Name: Alfob, Id: 36, Type: 1, Entity: 12, Amount: 10000, Value: 10000, Desc: Pos: 1,705,352
[14:01:06] Name: bbggff, Id: 59, Type: 11, Entity: 0, Amount: 2, Value: 0, Desc: Lvl: 2, HP: 27 +8
[14:01:06] Name: bbggff, Id: 59, Type: 11, Entity: 0, Amount: 3, Value: 0, Desc: Lvl: 3, HP: 33 +6
[14:01:06] Name: bbggff, Id: 59, Type: 11, Entity: 0, Amount: 4, Value: 0, Desc: Lvl: 4, HP: 41 +8
[14:01:06] Name: bbggff, Id: 59, Type: 11, Entity: 0, Amount: 5, Value: 0, Desc: Lvl: 5, HP: 49 +8
[14:01:06] Name: bbggff, Id: 59, Type: 11, Entity: 0, Amount: 6, Value: 0, Desc: Lvl: 6, HP: 55 +6
[14:01:06] Name: bbggff, Id: 59, Type: 11, Entity: 0, Amount: 7, Value: 0, Desc: Lvl: 7, HP: 60 +5
[14:01:06] Name: bbggff, Id: 59, Type: 11, Entity: 0, Amount: 8, Value: 0, Desc: Lvl: 8, HP: 68 +8
[14:01:06] Name: bbggff, Id: 59, Type: 11, Entity: 0, Amount: 9, Value: 0, Desc: Lvl: 9, HP: 76 +8
[14:01:06] Name: bbggff, Id: 59, Type: 11, Entity: 0, Amount: 10, Value: 0, Desc: Lvl: 10, HP: 82 +6
[14:01:06] Name: bbggff, Id: 59, Type: 11, Entity: 0, Amount: 11, Value: 0, Desc: Lvl: 11, HP: 90 +8
[14:01:06] Name: bbggff, Id: 59, Type: 11, Entity: 0, Amount: 12, Value: 0, Desc: Lvl: 12, HP: 97 +7
[14:01:06] Name: bbggff, Id: 59, Type: 11, Entity: 0, Amount: 13, Value: 0, Desc: Lvl: 13, HP: 103 +6
[14:01:06] Name: bbggff, Id: 59, Type: 11, Entity: 0, Amount: 14, Value: 0, Desc: Lvl: 14, HP: 108 +5
[14:01:06] Name: bbggff, Id: 59, Type: 11, Entity: 0, Amount: 15, Value: 0, Desc: Lvl: 15, HP: 114 +6
[14:01:06] Name: bbggff, Id: 59, Type: 11, Entity: 0, Amount: 16, Value: 0, Desc: Lvl: 16, HP: 119 +5
[14:01:06] Name: bbggff, Id: 59, Type: 11, Entity: 0, Amount: 17, Value: 0, Desc: Lvl: 17, HP: 126 +7
[14:01:06] Name: bbggff, Id: 59, Type: 11, Entity: 0, Amount: 18, Value: 0, Desc: Lvl: 18, HP: 133 +7
[14:01:06] Name: bbggff, Id: 59, Type: 11, Entity: 0, Amount: 19, Value: 0, Desc: Lvl: 19, HP: 140 +7
[14:01:06] Name: bbggff, Id: 59, Type: 11, Entity: 0, Amount: 20, Value: 0, Desc: Lvl: 20, HP: 147 +7
[14:01:06] Name: bbggff, Id: 59, Type: 11, Entity: 0, Amount: 21, Value: 0, Desc: Lvl: 21, HP: 152 +5
[14:01:06] Name: bbggff, Id: 59, Type: 11, Entity: 0, Amount: 22, Value: 0, Desc: Lvl: 22, HP: 158 +6
[14:01:06] Name: bbggff, Id: 59, Type: 11, Entity: 0, Amount: 23, Value: 0, Desc: Lvl: 23, HP: 164 +6
[14:01:06] Name: bbggff, Id: 59, Type: 11, Entity: 0, Amount: 24, Value: 0, Desc: Lvl: 24, HP: 170 +6
[14:01:06] Name: bbggff, Id: 59, Type: 11, Entity: 0, Amount: 25, Value: 0, Desc: Lvl: 25, HP: 176 +6
[14:03:57] Name: hfdghfg, Id: 60, Type: 11, Entity: 0, Amount: 2, Value: 0, Desc: Lvl: 2, HP: 28 +8
[14:03:57] Name: hfdghfg, Id: 60, Type: 11, Entity: 0, Amount: 3, Value: 0, Desc: Lvl: 3, HP: 37 +9
[14:03:57] Name: hfdghfg, Id: 60, Type: 11, Entity: 0, Amount: 4, Value: 0, Desc: Lvl: 4, HP: 44 +7
[14:03:57] Name: hfdghfg, Id: 60, Type: 11, Entity: 0, Amount: 5, Value: 0, Desc: Lvl: 5, HP: 53 +9
[14:03:57] Name: hfdghfg, Id: 60, Type: 11, Entity: 0, Amount: 6, Value: 0, Desc: Lvl: 6, HP: 59 +6
[14:03:57] Name: hfdghfg, Id: 60, Type: 11, Entity: 0, Amount: 7, Value: 0, Desc: Lvl: 7, HP: 68 +9
[14:03:57] Name: hfdghfg, Id: 60, Type: 11, Entity: 0, Amount: 8, Value: 0, Desc: Lvl: 8, HP: 77 +9
[14:03:57] Name: hfdghfg, Id: 60, Type: 11, Entity: 0, Amount: 9, Value: 0, Desc: Lvl: 9, HP: 83 +6
[14:03:57] Name: hfdghfg, Id: 60, Type: 11, Entity: 0, Amount: 10, Value: 0, Desc: Lvl: 10, HP: 92 +9
[14:03:57] Name: hfdghfg, Id: 60, Type: 11, Entity: 0, Amount: 11, Value: 0, Desc: Lvl: 11, HP: 100 +8
[14:03:57] Name: hfdghfg, Id: 60, Type: 11, Entity: 0, Amount: 12, Value: 0, Desc: Lvl: 12, HP: 108 +8
[14:03:57] Name: hfdghfg, Id: 60, Type: 11, Entity: 0, Amount: 13, Value: 0, Desc: Lvl: 13, HP: 115 +7
[14:03:57] Name: hfdghfg, Id: 60, Type: 11, Entity: 0, Amount: 14, Value: 0, Desc: Lvl: 14, HP: 124 +9
[14:03:57] Name: hfdghfg, Id: 60, Type: 11, Entity: 0, Amount: 15, Value: 0, Desc: Lvl: 15, HP: 132 +8
[14:03:57] Name: hfdghfg, Id: 60, Type: 11, Entity: 0, Amount: 16, Value: 0, Desc: Lvl: 16, HP: 140 +8
[14:03:57] Name: hfdghfg, Id: 60, Type: 11, Entity: 0, Amount: 17, Value: 0, Desc: Lvl: 17, HP: 148 +8
[14:03:57] Name: hfdghfg, Id: 60, Type: 11, Entity: 0, Amount: 18, Value: 0, Desc: Lvl: 18, HP: 155 +7
[14:03:57] Name: hfdghfg, Id: 60, Type: 11, Entity: 0, Amount: 19, Value: 0, Desc: Lvl: 19, HP: 162 +7
[14:03:57] Name: hfdghfg, Id: 60, Type: 11, Entity: 0, Amount: 20, Value: 0, Desc: Lvl: 20, HP: 169 +7
[14:03:57] Name: hfdghfg, Id: 60, Type: 11, Entity: 0, Amount: 21, Value: 0, Desc: Lvl: 21, HP: 177 +8
[14:03:57] Name: hfdghfg, Id: 60, Type: 11, Entity: 0, Amount: 22, Value: 0, Desc: Lvl: 22, HP: 184 +7
[14:03:57] Name: hfdghfg, Id: 60, Type: 11, Entity: 0, Amount: 23, Value: 0, Desc: Lvl: 23, HP: 191 +7
[14:03:57] Name: hfdghfg, Id: 60, Type: 11, Entity: 0, Amount: 24, Value: 0, Desc: Lvl: 24, HP: 198 +7
[14:03:57] Name: hfdghfg, Id: 60, Type: 11, Entity: 0, Amount: 25, Value: 0, Desc: Lvl: 25, HP: 205 +7
[14:04:59] Name: sadasdsad, Id: 40, Type: 11, Entity: 0, Amount: 2, Value: 0, Desc: Lvl: 2, HP: 28 +8
[14:09:15] Name: Alfob, Id: 36, Type: 4, Entity: 1349, Amount: 1, Value: 200000, Desc: Montura Legionaria de Hechicero en 1,744,325
[15:28:40] Name: fhgfgh, Id: 53, Type: 11, Entity: 0, Amount: 37, Value: 0, Desc: Lvl: 37, HP: 272 +5
[15:28:47] Name: fhgfgh, Id: 53, Type: 11, Entity: 0, Amount: 38, Value: 0, Desc: Lvl: 38, HP: 277 +5
[15:28:49] Name: fhgfgh, Id: 53, Type: 11, Entity: 0, Amount: 39, Value: 0, Desc: Lvl: 39, HP: 286 +9
[15:28:52] Name: fhgfgh, Id: 53, Type: 11, Entity: 0, Amount: 40, Value: 0, Desc: Lvl: 40, HP: 293 +7
[15:30:38] Name: Alfob, Id: 36, Type: 4, Entity: 1669, Amount: 1, Value: 1000000, Desc: Descarga ElC)ctrica en 11,67,17
[15:30:41] Name: dadas, Id: 47, Type: 3, Entity: 1669, Amount: 1, Value: 1000000, Desc: Descarga ElC)ctrica en 11,67,17
[15:30:48] Name: Alfob, Id: 36, Type: 4, Entity: 37, Amount: 3020, Value: 72480, Desc: PociC3n de ManC! en 11,63,19
[15:30:50] Name: dadas, Id: 47, Type: 3, Entity: 37, Amount: 3020, Value: 72480, Desc: PociC3n de ManC! en 11,63,19
[15:33:40] Name: dadas, Id: 47, Type: 4, Entity: 37, Amount: 2949, Value: 70776, Desc: PociC3n de ManC! en 11,66,18
[20:59:52] Name: jjjjjj, Id: 61, Type: 11, Entity: 0, Amount: 2, Value: 0, Desc: Lvl: 2, HP: 27 +8
[20:59:52] Name: jjjjjj, Id: 61, Type: 11, Entity: 0, Amount: 3, Value: 0, Desc: Lvl: 3, HP: 32 +5
[20:59:52] Name: jjjjjj, Id: 61, Type: 11, Entity: 0, Amount: 4, Value: 0, Desc: Lvl: 4, HP: 38 +6
[20:59:52] Name: jjjjjj, Id: 61, Type: 11, Entity: 0, Amount: 5, Value: 0, Desc: Lvl: 5, HP: 45 +7
[20:59:52] Name: jjjjjj, Id: 61, Type: 11, Entity: 0, Amount: 6, Value: 0, Desc: Lvl: 6, HP: 50 +5
[20:59:52] Name: jjjjjj, Id: 61, Type: 11, Entity: 0, Amount: 7, Value: 0, Desc: Lvl: 7, HP: 56 +6
[20:59:52] Name: jjjjjj, Id: 61, Type: 11, Entity: 0, Amount: 8, Value: 0, Desc: Lvl: 8, HP: 64 +8
[20:59:52] Name: jjjjjj, Id: 61, Type: 11, Entity: 0, Amount: 9, Value: 0, Desc: Lvl: 9, HP: 70 +6
[20:59:52] Name: jjjjjj, Id: 61, Type: 11, Entity: 0, Amount: 10, Value: 0, Desc: Lvl: 10, HP: 78 +8
[20:59:52] Name: jjjjjj, Id: 61, Type: 11, Entity: 0, Amount: 11, Value: 0, Desc: Lvl: 11, HP: 85 +7
[20:59:52] Name: jjjjjj, Id: 61, Type: 11, Entity: 0, Amount: 12, Value: 0, Desc: Lvl: 12, HP: 90 +5
[20:59:52] Name: jjjjjj, Id: 61, Type: 11, Entity: 0, Amount: 13, Value: 0, Desc: Lvl: 13, HP: 97 +7
[20:59:52] Name: jjjjjj, Id: 61, Type: 11, Entity: 0, Amount: 14, Value: 0, Desc: Lvl: 14, HP: 104 +7
[20:59:52] Name: jjjjjj, Id: 61, Type: 11, Entity: 0, Amount: 15, Value: 0, Desc: Lvl: 15, HP: 111 +7
[20:59:52] Name: jjjjjj, Id: 61, Type: 11, Entity: 0, Amount: 16, Value: 0, Desc: Lvl: 16, HP: 119 +8
[20:59:52] Name: jjjjjj, Id: 61, Type: 11, Entity: 0, Amount: 17, Value: 0, Desc: Lvl: 17, HP: 127 +8
[20:59:52] Name: jjjjjj, Id: 61, Type: 11, Entity: 0, Amount: 18, Value: 0, Desc: Lvl: 18, HP: 135 +8
[20:59:52] Name: jjjjjj, Id: 61, Type: 11, Entity: 0, Amount: 19, Value: 0, Desc: Lvl: 19, HP: 140 +5
[20:59:52] Name: jjjjjj, Id: 61, Type: 11, Entity: 0, Amount: 20, Value: 0, Desc: Lvl: 20, HP: 148 +8
[20:59:52] Name: jjjjjj, Id: 61, Type: 11, Entity: 0, Amount: 21, Value: 0, Desc: Lvl: 21, HP: 154 +6
[20:59:52] Name: jjjjjj, Id: 61, Type: 11, Entity: 0, Amount: 22, Value: 0, Desc: Lvl: 22, HP: 159 +5
[20:59:52] Name: jjjjjj, Id: 61, Type: 11, Entity: 0, Amount: 23, Value: 0, Desc: Lvl: 23, HP: 165 +6
[20:59:52] Name: jjjjjj, Id: 61, Type: 11, Entity: 0, Amount: 24, Value: 0, Desc: Lvl: 24, HP: 171 +6
[20:59:52] Name: jjjjjj, Id: 61, Type: 11, Entity: 0, Amount: 25, Value: 0, Desc: Lvl: 25, HP: 178 +7
